2018-04-20 13:03:39 +0000  Initial pipeline context: <IDEDistributionProcessingPipelineContext: 0x7fc3e710e6f0; archive(resolved)='<IDEArchive: 0x7fc3e5065350>', distributionTask(resolved)='2', distributionMethod(resolved)='<IDEDistributionMethodAdHoc: 0x7fc3e5582840>', team(resolved)='<IDEProvisioningBasicTeam: 0x7fc3eaba93c0; teamID='8D5DR6HDEC', teamName='Covington Fitness, LLC'>'>
	Chain (11, self inclusive):
	<IDEDistributionProcessingPipelineContext: 0x7fc3e710e6f0; archive = '<IDEArchive: 0x7fc3e5065350>', distributionMethod='<IDEDistributionMethodAdHoc: 0x7fc3e5582840>', team='<IDEProvisioningBasicTeam: 0x7fc3eaba93c0; teamID='8D5DR6HDEC', teamName='Covington Fitness, LLC'>'>
	<IDEDistributionProcessingPipelineContext: 0x7fc3e818cf50; archive = '<IDEArchive: 0x7fc3e5065350>', distributionMethod='<IDEDistributionMethodAdHoc: 0x7fc3e5582840>', team='<IDEProvisioningBasicTeam: 0x7fc3eaba93c0; teamID='8D5DR6HDEC', teamName='Covington Fitness, LLC'>'>
	<IDEDistributionContext: 0x7fc3e5758a40; archive = '<IDEArchive: 0x7fc3e5065350>', distributionMethod='<IDEDistributionMethodAdHoc: 0x7fc3e5582840>', team='<IDEProvisioningBasicTeam: 0x7fc3eaba93c0; teamID='8D5DR6HDEC', teamName='Covington Fitness, LLC'>'>
	<IDEDistributionContext: 0x7fc3e6a38bc0; archive = '<IDEArchive: 0x7fc3e5065350>', distributionMethod='<IDEDistributionMethodAdHoc: 0x7fc3e5582840>', team='<IDEProvisioningBasicTeam: 0x7fc3eaba93c0; teamID='8D5DR6HDEC', teamName='Covington Fitness, LLC'>'>
	<IDEDistributionContext: 0x7fc3ea8e1030; archive = '<IDEArchive: 0x7fc3e5065350>', distributionMethod='<IDEDistributionMethodAdHoc: 0x7fc3e5582840>', team='<IDEProvisioningBasicTeam: 0x7fc3eaba93c0; teamID='8D5DR6HDEC', teamName='Covington Fitness, LLC'>'>
	<IDEDistributionContext: 0x7fc3ead2fcd0; archive = '<IDEArchive: 0x7fc3e5065350>', distributionMethod='<IDEDistributionMethodAdHoc: 0x7fc3e5582840>', team='<IDEProvisioningBasicTeam: 0x7fc3eaba93c0; teamID='8D5DR6HDEC', teamName='Covington Fitness, LLC'>'>
	<IDEDistributionContext: 0x7fc3ea9ab2c0; archive = '<IDEArchive: 0x7fc3e5065350>', distributionMethod='<IDEDistributionMethodAdHoc: 0x7fc3e5582840>', team='<IDEProvisioningBasicTeam: 0x7fc3eaba93c0; teamID='8D5DR6HDEC', teamName='Covington Fitness, LLC'>'>
	<IDEDistributionContext: 0x7fc3eabe1f80; archive = '<IDEArchive: 0x7fc3e5065350>', distributionMethod='<IDEDistributionMethodAdHoc: 0x7fc3e5582840>', team='<IDEProvisioningBasicTeam: 0x7fc3eaba93c0; teamID='8D5DR6HDEC', teamName='Covington Fitness, LLC'>'>
	<IDEDistributionContext: 0x7fc3e9d4df90; archive = '<IDEArchive: 0x7fc3e5065350>', distributionMethod='<IDEDistributionMethodAdHoc: 0x7fc3e5582840>', team='<IDEProvisioningBasicTeam: 0x7fc3eaba93c0; teamID='8D5DR6HDEC', teamName='Covington Fitness, LLC'>'>
	<IDEDistributionContext: 0x7fc3eab8be20; archive = '<IDEArchive: 0x7fc3e5065350>', distributionMethod='<IDEDistributionMethodAdHoc: 0x7fc3e5582840>', team='(null)'>
	<IDEDistributionContext: 0x7fc3ea98e470; archive = '<IDEArchive: 0x7fc3e5065350>', distributionMethod='(null)', team='(null)'>
</IDEDistributionProcessingPipelineContext: 0x7fc3e710e6f0>
2018-04-20 13:03:39 +0000  Processing step: IDEDistributionCreateDestRootStep
2018-04-20 13:03:39 +0000  Processing step: IDEDistributionCopyItemStep
2018-04-20 13:03:39 +0000  Running /usr/bin/ditto '-V' '/Users/162869/Library/Developer/Xcode/Archives/2018-04-20/Handicap 4-20-18, 9.01 AM.xcarchive/Products/Applications/Handicap.app' '/var/folders/gk/n4hz8txx68388jy26j4xh6djy_mk3x/T/XcodeDistPipeline.Ix1/Root/Payload/Handicap.app'
2018-04-20 13:03:39 +0000  >>> Copying /Users/162869/Library/Developer/Xcode/Archives/2018-04-20/Handicap 4-20-18, 9.01 AM.xcarchive/Products/Applications/Handicap.app 
2018-04-20 13:03:39 +0000  copying file ./_CodeSignature/CodeResources ... 
2018-04-20 13:03:39 +0000  24707 bytes for ./_CodeSignature/CodeResources
2018-04-20 13:03:39 +0000  copying file ./129-golf.png ... 
2018-04-20 13:03:39 +0000  1152 bytes for ./129-golf.png
2018-04-20 13:03:39 +0000  copying file ./en.lproj/InfoPlist.strings ... 
2018-04-20 13:03:39 +0000  42 bytes for ./en.lproj/InfoPlist.strings
2018-04-20 13:03:39 +0000  copying file ./en.lproj/MainStoryboard.storyboardc/UITableViewController-qih-fs-mGp.nib ... 
2018-04-20 13:03:39 +0000  1808 bytes for ./en.lproj/MainStoryboard.storyboardc/UITableViewController-qih-fs-mGp.nib
2018-04-20 13:03:39 +0000  copying file ./en.lproj/MainStoryboard.storyboardc/UITableViewController-WSh-8w-l6z.nib ... 
2018-04-20 13:03:39 +0000  1443 bytes for ./en.lproj/MainStoryboard.storyboardc/UITableViewController-WSh-8w-l6z.nib
2018-04-20 13:03:39 +0000  copying file ./en.lproj/MainStoryboard.storyboardc/UITableViewController-zaQ-Rq-0Ed.nib ... 
2018-04-20 13:03:39 +0000  1088 bytes for ./en.lproj/MainStoryboard.storyboardc/UITableViewController-zaQ-Rq-0Ed.nib
2018-04-20 13:03:39 +0000  copying file ./en.lproj/MainStoryboard.storyboardc/zaQ-Rq-0Ed-view-OGP-um-ZKp.nib ... 
2018-04-20 13:03:39 +0000  6448 bytes for ./en.lproj/MainStoryboard.storyboardc/zaQ-Rq-0Ed-view-OGP-um-ZKp.nib
2018-04-20 13:03:39 +0000  copying file ./en.lproj/MainStoryboard.storyboardc/x1D-Un-E8m-view-sOC-7l-fhE.nib ... 
2018-04-20 13:03:39 +0000  5285 bytes for ./en.lproj/MainStoryboard.storyboardc/x1D-Un-E8m-view-sOC-7l-fhE.nib
2018-04-20 13:03:39 +0000  copying file ./en.lproj/MainStoryboard.storyboardc/WSh-8w-l6z-view-Hbe-XT-0at.nib ... 
2018-04-20 13:03:39 +0000  7005 bytes for ./en.lproj/MainStoryboard.storyboardc/WSh-8w-l6z-view-Hbe-XT-0at.nib
2018-04-20 13:03:39 +0000  copying file ./en.lproj/MainStoryboard.storyboardc/UITableViewController-ANW-Dv-DXR.nib ... 
2018-04-20 13:03:39 +0000  1293 bytes for ./en.lproj/MainStoryboard.storyboardc/UITableViewController-ANW-Dv-DXR.nib
2018-04-20 13:03:39 +0000  copying file ./en.lproj/MainStoryboard.storyboardc/Qan-L1-qk7-view-vJI-RK-nX7.nib ... 
2018-04-20 13:03:39 +0000  4448 bytes for ./en.lproj/MainStoryboard.storyboardc/Qan-L1-qk7-view-vJI-RK-nX7.nib
copying file ./en.lproj/MainStoryboard.storyboardc/ANW-Dv-DXR-view-He8-p2-O1R.nib ... 
2018-04-20 13:03:39 +0000  13909 bytes for ./en.lproj/MainStoryboard.storyboardc/ANW-Dv-DXR-view-He8-p2-O1R.nib
2018-04-20 13:03:39 +0000  copying file ./en.lproj/MainStoryboard.storyboardc/UIViewController-fqI-wM-Ygo.nib ... 
2018-04-20 13:03:39 +0000  1575 bytes for ./en.lproj/MainStoryboard.storyboardc/UIViewController-fqI-wM-Ygo.nib
2018-04-20 13:03:39 +0000  copying file ./en.lproj/MainStoryboard.storyboardc/UIViewController-1RH-To-4pi.nib ... 
2018-04-20 13:03:39 +0000  1601 bytes for ./en.lproj/MainStoryboard.storyboardc/UIViewController-1RH-To-4pi.nib
copying file ./en.lproj/MainStoryboard.storyboardc/UINavigationController-kVZ-QO-Qcz.nib ... 
2018-04-20 13:03:39 +0000  2369 bytes for ./en.lproj/MainStoryboard.storyboardc/UINavigationController-kVZ-QO-Qcz.nib
2018-04-20 13:03:39 +0000  copying file ./en.lproj/MainStoryboard.storyboardc/UINavigationController-afN-3F-hzr.nib ... 
2018-04-20 13:03:39 +0000  2020 bytes for ./en.lproj/MainStoryboard.storyboardc/UINavigationController-afN-3F-hzr.nib
copying file ./en.lproj/MainStoryboard.storyboardc/UIViewController-HTo-vD-8P9.nib ... 
2018-04-20 13:03:39 +0000  932 bytes for ./en.lproj/MainStoryboard.storyboardc/UIViewController-HTo-vD-8P9.nib
copying file ./en.lproj/MainStoryboard.storyboardc/qih-fs-mGp-view-AWE-ss-ZhS.nib ... 
2018-04-20 13:03:39 +0000  5049 bytes for ./en.lproj/MainStoryboard.storyboardc/qih-fs-mGp-view-AWE-ss-ZhS.nib
copying file ./en.lproj/MainStoryboard.storyboardc/vkp-BP-t62-view-Icx-gp-GUD.nib ... 
2018-04-20 13:03:39 +0000  6137 bytes for ./en.lproj/MainStoryboard.storyboardc/vkp-BP-t62-view-Icx-gp-GUD.nib
copying file ./en.lproj/MainStoryboard.storyboardc/UITabBarController-4.nib ... 
2018-04-20 13:03:39 +0000  3725 bytes for ./en.lproj/MainStoryboard.storyboardc/UITabBarController-4.nib
copying file ./en.lproj/MainStoryboard.storyboardc/UITableViewController-C4c-wZ-59Q.nib ... 
2018-04-20 13:03:39 +0000  1468 bytes for ./en.lproj/MainStoryboard.storyboardc/UITableViewController-C4c-wZ-59Q.nib
copying file ./en.lproj/MainStoryboard.storyboardc/UITableViewController-Qan-L1-qk7.nib ... 
2018-04-20 13:03:39 +0000  1777 bytes for ./en.lproj/MainStoryboard.storyboardc/UITableViewController-Qan-L1-qk7.nib
copying file ./en.lproj/MainStoryboard.storyboardc/UIViewController-l7i-2z-zx4.nib ... 
2018-04-20 13:03:39 +0000  1346 bytes for ./en.lproj/MainStoryboard.storyboardc/UIViewController-l7i-2z-zx4.nib
copying file ./en.lproj/MainStoryboard.storyboardc/l7i-2z-zx4-view-qfd-ry-oWC.nib ... 
2018-04-20 13:03:39 +0000  2245 bytes for ./en.lproj/MainStoryboard.storyboardc/l7i-2z-zx4-view-qfd-ry-oWC.nib
copying file ./en.lproj/MainStoryboard.storyboardc/C4c-wZ-59Q-view-CEV-rh-QK8.nib ... 
2018-04-20 13:03:39 +0000  8468 bytes for ./en.lproj/MainStoryboard.storyboardc/C4c-wZ-59Q-view-CEV-rh-QK8.nib
2018-04-20 13:03:39 +0000  copying file ./en.lproj/MainStoryboard.storyboardc/UITableViewController-vkp-BP-t62.nib ... 
1450 bytes for ./en.lproj/MainStoryboard.storyboardc/UITableViewController-vkp-BP-t62.nib
copying file ./en.lproj/MainStoryboard.storyboardc/UIViewController-4P2-Z1-my0.nib ... 
2018-04-20 13:03:39 +0000  1601 bytes for ./en.lproj/MainStoryboard.storyboardc/UIViewController-4P2-Z1-my0.nib
copying file ./en.lproj/MainStoryboard.storyboardc/UINavigationController-5z1-QC-3Pi.nib ... 
2367 bytes for ./en.lproj/MainStoryboard.storyboardc/UINavigationController-5z1-QC-3Pi.nib
copying file ./en.lproj/MainStoryboard.storyboardc/UITableViewController-lmG-Rm-YF2.nib ... 
2018-04-20 13:03:39 +0000  1810 bytes for ./en.lproj/MainStoryboard.storyboardc/UITableViewController-lmG-Rm-YF2.nib
copying file ./en.lproj/MainStoryboard.storyboardc/Info.plist ... 
2018-04-20 13:03:39 +0000  1420 bytes for ./en.lproj/MainStoryboard.storyboardc/Info.plist
copying file ./en.lproj/MainStoryboard.storyboardc/lmG-Rm-YF2-view-A0B-Fx-epc.nib ... 
2018-04-20 13:03:39 +0000  5866 bytes for ./en.lproj/MainStoryboard.storyboardc/lmG-Rm-YF2-view-A0B-Fx-epc.nib
copying file ./en.lproj/MainStoryboard.storyboardc/P3A-CA-fb0-view-fB8-fb-egc.nib ... 
3399 bytes for ./en.lproj/MainStoryboard.storyboardc/P3A-CA-fb0-view-fB8-fb-egc.nib
copying file ./Handicap ... 
2018-04-20 13:03:39 +0000  658496 bytes for ./Handicap
copying file ./AppIcon57x57.png ... 
2018-04-20 13:03:39 +0000  8727 bytes for ./AppIcon57x57.png
copying file ./129-golf@2x.png ... 
1418 bytes for ./129-golf@2x.png
copying file ./AppIcon29x29.png ... 
4943 bytes for ./AppIcon29x29.png
copying file ./Default@2x.png ... 
2018-04-20 13:03:39 +0000  5056 bytes for ./Default@2x.png
copying file ./AppIcon29x29@2x.png ... 
2018-04-20 13:03:39 +0000  8853 bytes for ./AppIcon29x29@2x.png
copying file ./14-gear@2x.png ... 
504 bytes for ./14-gear@2x.png
copying file ./AppIcon29x29~ipad.png ... 
2018-04-20 13:03:39 +0000  4943 bytes for ./AppIcon29x29~ipad.png
2018-04-20 13:03:39 +0000  copying file ./AppIcon40x40@2x.png ... 
2018-04-20 13:03:39 +0000  13021 bytes for ./AppIcon40x40@2x.png
2018-04-20 13:03:39 +0000  copying file ./Default-568h@2x.png ... 
2018-04-20 13:03:39 +0000  5753 bytes for ./Default-568h@2x.png
copying file ./Assets.car ... 
2018-04-20 13:03:39 +0000  116440 bytes for ./Assets.car
copying file ./AppIcon40x40@2x~ipad.png ... 
13021 bytes for ./AppIcon40x40@2x~ipad.png
copying file ./AppIcon72x72~ipad.png ... 
2018-04-20 13:03:39 +0000  11556 bytes for ./AppIcon72x72~ipad.png
2018-04-20 13:03:39 +0000  copying file ./HandicapModel.momd/VersionInfo.plist ... 
2018-04-20 13:03:39 +0000  286 bytes for ./HandicapModel.momd/VersionInfo.plist
copying file ./HandicapModel.momd/HandicapModel.mom ... 
2018-04-20 13:03:39 +0000  4146 bytes for ./HandicapModel.momd/HandicapModel.mom
2018-04-20 13:03:39 +0000  copying file ./LaunchImage-700-568h@2x.png ... 
2018-04-20 13:03:39 +0000  14942 bytes for ./LaunchImage-700-568h@2x.png
copying file ./AppIcon50x50~ipad.png ... 
2018-04-20 13:03:39 +0000  7687 bytes for ./AppIcon50x50~ipad.png
copying file ./AppIcon29x29@2x~ipad.png ... 
2018-04-20 13:03:39 +0000  8853 bytes for ./AppIcon29x29@2x~ipad.png
2018-04-20 13:03:39 +0000  copying file ./AppIcon50x50@2x~ipad.png ... 
2018-04-20 13:03:39 +0000  15643 bytes for ./AppIcon50x50@2x~ipad.png
copying file ./AppIcon40x40~ipad.png ... 
2018-04-20 13:03:39 +0000  6506 bytes for ./AppIcon40x40~ipad.png
copying file ./14-gear.png ... 
2018-04-20 13:03:39 +0000  282 bytes for ./14-gear.png
2018-04-20 13:03:39 +0000  copying file ./embedded.mobileprovision ... 
2018-04-20 13:03:39 +0000  11181 bytes for ./embedded.mobileprovision
copying file ./Default.png ... 
2018-04-20 13:03:39 +0000  2428 bytes for ./Default.png
2018-04-20 13:03:39 +0000  copying file ./Info.plist ... 
2018-04-20 13:03:39 +0000  1670 bytes for ./Info.plist
2018-04-20 13:03:39 +0000  copying file ./Handicap-Info.plist ... 
2018-04-20 13:03:39 +0000  1016 bytes for ./Handicap-Info.plist
2018-04-20 13:03:39 +0000  copying file ./PkgInfo ... 
8 bytes for ./PkgInfo
copying file ./AppIcon76x76~ipad.png ... 
2018-04-20 13:03:39 +0000  12363 bytes for ./AppIcon76x76~ipad.png
2018-04-20 13:03:39 +0000  2018-04-20 13:03:39 +0000  

2018-04-20 13:03:39 +0000  /usr/bin/ditto exited with 0
2018-04-20 13:03:39 +0000  2018-04-20 13:03:39 +0000  

2018-04-20 13:03:39 +0000  Processing step: IDEDistributionEmbedProfileStep
2018-04-20 13:03:39 +0000  Processing step: IDEDistributionAppThinningPlistStep
2018-04-20 13:03:39 +0000  Skipping step: IDEDistributionAppThinningPlistStep because it said so
2018-04-20 13:03:39 +0000  Processing step: IDEDistributionCompileBitcodeStep
2018-04-20 13:03:39 +0000  Skipping step: IDEDistributionCompileBitcodeStep because it said so
2018-04-20 13:03:39 +0000  Processing step: IDEDistributionCodeSlimmingStep
2018-04-20 13:03:39 +0000  Processing step: IDEDistributionCopyBCSymbolMapsStep
2018-04-20 13:03:39 +0000  Skipping step: IDEDistributionCopyBCSymbolMapsStep because it said so
2018-04-20 13:03:39 +0000  Processing step: IDEDistributionSymbolsStep
2018-04-20 13:03:39 +0000  Skipping step: IDEDistributionSymbolsStep because it said so
2018-04-20 13:03:39 +0000  Processing step: IDEDistributionAppThinningStep
2018-04-20 13:03:39 +0000  Skipping step: IDEDistributionAppThinningStep because it said so
2018-04-20 13:03:39 +0000  Processing step: IDEDistributionODRStep
2018-04-20 13:03:39 +0000  Processing step: IDEDistributionStripXattrsStep
2018-04-20 13:03:39 +0000  Running /usr/bin/xattr '-crs' '/var/folders/gk/n4hz8txx68388jy26j4xh6djy_mk3x/T/XcodeDistPipeline.Ix1/Root/Payload/Handicap.app'
2018-04-20 13:03:39 +0000  2018-04-20 13:03:39 +0000  

2018-04-20 13:03:39 +0000  /usr/bin/xattr exited with 0
2018-04-20 13:03:39 +0000  2018-04-20 13:03:39 +0000  

2018-04-20 13:03:39 +0000  Processing step: IDEDistributionCodesignStep
2018-04-20 13:03:39 +0000  Entitlements for <IDEDistributionItem: 0x7fc3e549aeb0 'com.ipwntech.Golf-Handicapper' '<DVTFilePath:0x7fc3e4e30ce0:'/Users/162869/Library/Developer/Xcode/Archives/2018-04-20/Handicap 4-20-18, 9.01 AM.xcarchive/Products/Applications/Handicap.app'>'>: {
    "application-identifier" = "8D5DR6HDEC.com.ipwntech.Golf-Handicapper";
    "com.apple.developer.team-identifier" = 8D5DR6HDEC;
    "get-task-allow" = 0;
    "keychain-access-groups" =     (
        "8D5DR6HDEC.com.ipwntech.Golf-Handicapper"
    );
}
2018-04-20 13:03:39 +0000  Writing entitlements for <IDEDistributionItem: 0x7fc3e549aeb0 'com.ipwntech.Golf-Handicapper' '<DVTFilePath:0x7fc3e4e30ce0:'/Users/162869/Library/Developer/Xcode/Archives/2018-04-20/Handicap 4-20-18, 9.01 AM.xcarchive/Products/Applications/Handicap.app'>'> to: /var/folders/gk/n4hz8txx68388jy26j4xh6djy_mk3x/T/XcodeDistPipeline.Ix1/entitlementsZnUJMg
2018-04-20 13:03:39 +0000  Running /usr/bin/codesign '-vvv' '--force' '--sign' '723C2174E177F2877E46B0CD278B627C5563C3F9' '--preserve-metadata=identifier,flags' '--entitlements' '/var/folders/gk/n4hz8txx68388jy26j4xh6djy_mk3x/T/XcodeDistPipeline.Ix1/entitlementsZnUJMg' '/var/folders/gk/n4hz8txx68388jy26j4xh6djy_mk3x/T/XcodeDistPipeline.Ix1/Root/Payload/Handicap.app'
2018-04-20 13:03:39 +0000  /var/folders/gk/n4hz8txx68388jy26j4xh6djy_mk3x/T/XcodeDistPipeline.Ix1/Root/Payload/Handicap.app: replacing existing signature
2018-04-20 13:03:48 +0000  /var/folders/gk/n4hz8txx68388jy26j4xh6djy_mk3x/T/XcodeDistPipeline.Ix1/Root/Payload/Handicap.app: signed app bundle with Mach-O universal (armv7 arm64) [com.ipwntech.Golf-Handicapper]
2018-04-20 13:03:48 +0000  
2018-04-20 13:03:48 +0000  
2018-04-20 13:03:48 +0000  
2018-04-20 13:03:48 +0000  
2018-04-20 13:03:48 +0000  2018-04-20 13:03:48 +0000  /usr/bin/codesign exited with 0
2018-04-20 13:03:48 +0000  

2018-04-20 13:03:48 +0000  Processing step: IDEDistributionStreamingZipItemStep
2018-04-20 13:03:48 +0000  Skipping step: IDEDistributionStreamingZipItemStep because it said so
2018-04-20 13:03:48 +0000  Processing step: IDEDistributionCreateIPAStep
2018-04-20 13:03:48 +0000  Running /usr/bin/ditto '-V' '-c' '-k' '--norsrc' '/var/folders/gk/n4hz8txx68388jy26j4xh6djy_mk3x/T/XcodeDistPipeline.Ix1/Root' '/var/folders/gk/n4hz8txx68388jy26j4xh6djy_mk3x/T/XcodeDistPipeline.Ix1/Packages/Handicap.ipa'
2018-04-20 13:03:48 +0000  >>> Copying /var/folders/gk/n4hz8txx68388jy26j4xh6djy_mk3x/T/XcodeDistPipeline.Ix1/Root 
2018-04-20 13:03:48 +0000  copying file ./Payload/Handicap.app/_CodeSignature/CodeResources ... 
2018-04-20 13:03:48 +0000  24707 bytes for ./Payload/Handicap.app/_CodeSignature/CodeResources
copying file ./Payload/Handicap.app/129-golf.png ... 
2018-04-20 13:03:48 +0000  1152 bytes for ./Payload/Handicap.app/129-golf.png
2018-04-20 13:03:48 +0000  copying file ./Payload/Handicap.app/en.lproj/InfoPlist.strings ... 
42 bytes for ./Payload/Handicap.app/en.lproj/InfoPlist.strings
2018-04-20 13:03:48 +0000  copying file ./Payload/Handicap.app/en.lproj/MainStoryboard.storyboardc/UITableViewController-qih-fs-mGp.nib ... 
1808 bytes for ./Payload/Handicap.app/en.lproj/MainStoryboard.storyboardc/UITableViewController-qih-fs-mGp.nib
copying file ./Payload/Handicap.app/en.lproj/MainStoryboard.storyboardc/UITableViewController-WSh-8w-l6z.nib ... 
2018-04-20 13:03:48 +0000  1443 bytes for ./Payload/Handicap.app/en.lproj/MainStoryboard.storyboardc/UITableViewController-WSh-8w-l6z.nib
copying file ./Payload/Handicap.app/en.lproj/MainStoryboard.storyboardc/UITableViewController-zaQ-Rq-0Ed.nib ... 
2018-04-20 13:03:48 +0000  1088 bytes for ./Payload/Handicap.app/en.lproj/MainStoryboard.storyboardc/UITableViewController-zaQ-Rq-0Ed.nib
copying file ./Payload/Handicap.app/en.lproj/MainStoryboard.storyboardc/zaQ-Rq-0Ed-view-OGP-um-ZKp.nib ... 
2018-04-20 13:03:48 +0000  6448 bytes for ./Payload/Handicap.app/en.lproj/MainStoryboard.storyboardc/zaQ-Rq-0Ed-view-OGP-um-ZKp.nib
copying file ./Payload/Handicap.app/en.lproj/MainStoryboard.storyboardc/x1D-Un-E8m-view-sOC-7l-fhE.nib ... 
2018-04-20 13:03:48 +0000  5285 bytes for ./Payload/Handicap.app/en.lproj/MainStoryboard.storyboardc/x1D-Un-E8m-view-sOC-7l-fhE.nib
copying file ./Payload/Handicap.app/en.lproj/MainStoryboard.storyboardc/WSh-8w-l6z-view-Hbe-XT-0at.nib ... 
2018-04-20 13:03:48 +0000  7005 bytes for ./Payload/Handicap.app/en.lproj/MainStoryboard.storyboardc/WSh-8w-l6z-view-Hbe-XT-0at.nib
2018-04-20 13:03:48 +0000  copying file ./Payload/Handicap.app/en.lproj/MainStoryboard.storyboardc/UITableViewController-ANW-Dv-DXR.nib ... 
2018-04-20 13:03:48 +0000  1293 bytes for ./Payload/Handicap.app/en.lproj/MainStoryboard.storyboardc/UITableViewController-ANW-Dv-DXR.nib
copying file ./Payload/Handicap.app/en.lproj/MainStoryboard.storyboardc/Qan-L1-qk7-view-vJI-RK-nX7.nib ... 
4448 bytes for ./Payload/Handicap.app/en.lproj/MainStoryboard.storyboardc/Qan-L1-qk7-view-vJI-RK-nX7.nib
copying file ./Payload/Handicap.app/en.lproj/MainStoryboard.storyboardc/ANW-Dv-DXR-view-He8-p2-O1R.nib ... 
13909 bytes for ./Payload/Handicap.app/en.lproj/MainStoryboard.storyboardc/ANW-Dv-DXR-view-He8-p2-O1R.nib
copying file ./Payload/Handicap.app/en.lproj/MainStoryboard.storyboardc/UIViewController-fqI-wM-Ygo.nib ... 
1575 bytes for ./Payload/Handicap.app/en.lproj/MainStoryboard.storyboardc/UIViewController-fqI-wM-Ygo.nib
copying file ./Payload/Handicap.app/en.lproj/MainStoryboard.storyboardc/UIViewController-1RH-To-4pi.nib ... 
1601 bytes for ./Payload/Handicap.app/en.lproj/MainStoryboard.storyboardc/UIViewController-1RH-To-4pi.nib
copying file ./Payload/Handicap.app/en.lproj/MainStoryboard.storyboardc/UINavigationController-kVZ-QO-Qcz.nib ... 
2369 bytes for ./Payload/Handicap.app/en.lproj/MainStoryboard.storyboardc/UINavigationController-kVZ-QO-Qcz.nib
copying file ./Payload/Handicap.app/en.lproj/MainStoryboard.storyboardc/UINavigationController-afN-3F-hzr.nib ... 
2020 bytes for ./Payload/Handicap.app/en.lproj/MainStoryboard.storyboardc/UINavigationController-afN-3F-hzr.nib
copying file ./Payload/Handicap.app/en.lproj/MainStoryboard.storyboardc/UIViewController-HTo-vD-8P9.nib ... 
932 bytes for ./Payload/Handicap.app/en.lproj/MainStoryboard.storyboardc/UIViewController-HTo-vD-8P9.nib
copying file ./Payload/Handicap.app/en.lproj/MainStoryboard.storyboardc/qih-fs-mGp-view-AWE-ss-ZhS.nib ... 
5049 bytes for ./Payload/Handicap.app/en.lproj/MainStoryboard.storyboardc/qih-fs-mGp-view-AWE-ss-ZhS.nib
copying file ./Payload/Handicap.app/en.lproj/MainStoryboard.storyboardc/vkp-BP-t62-view-Icx-gp-GUD.nib ... 
6137 bytes for ./Payload/Handicap.app/en.lproj/MainStoryboard.storyboardc/vkp-BP-t62-view-Icx-gp-GUD.nib
copying file ./Payload/Handicap.app/en.lproj/MainStoryboard.storyboardc/UITabBarController-4.nib ... 
3725 bytes for ./Payload/Handicap.app/en.lproj/MainStoryboard.storyboardc/UITabBarController-4.nib
copying file ./Payload/Handicap.app/en.lproj/MainStoryboard.storyboardc/UITableViewController-C4c-wZ-59Q.nib ... 
1468 bytes for ./Payload/Handicap.app/en.lproj/MainStoryboard.storyboardc/UITableViewController-C4c-wZ-59Q.nib
copying file ./Payload/Handicap.app/en.lproj/MainStoryboard.storyboardc/UITableViewController-Qan-L1-qk7.nib ... 
1777 bytes for ./Payload/Handicap.app/en.lproj/MainStoryboard.storyboardc/UITableViewController-Qan-L1-qk7.nib
copying file ./Payload/Handicap.app/en.lproj/MainStoryboard.storyboardc/UIViewController-l7i-2z-zx4.nib ... 
1346 bytes for ./Payload/Handicap.app/en.lproj/MainStoryboard.storyboardc/UIViewController-l7i-2z-zx4.nib
copying file ./Payload/Handicap.app/en.lproj/MainStoryboard.storyboardc/l7i-2z-zx4-view-qfd-ry-oWC.nib ... 
2245 bytes for ./Payload/Handicap.app/en.lproj/MainStoryboard.storyboardc/l7i-2z-zx4-view-qfd-ry-oWC.nib
copying file ./Payload/Handicap.app/en.lproj/MainStoryboard.storyboardc/C4c-wZ-59Q-view-CEV-rh-QK8.nib ... 
8468 bytes for ./Payload/Handicap.app/en.lproj/MainStoryboard.storyboardc/C4c-wZ-59Q-view-CEV-rh-QK8.nib
copying file ./Payload/Handicap.app/en.lproj/MainStoryboard.storyboardc/UITableViewController-vkp-BP-t62.nib ... 
1450 bytes for ./Payload/Handicap.app/en.lproj/MainStoryboard.storyboardc/UITableViewController-vkp-BP-t62.nib
copying file ./Payload/Handicap.app/en.lproj/MainStoryboard.storyboardc/UIViewController-4P2-Z1-my0.nib ... 
1601 bytes for ./Payload/Handicap.app/en.lproj/MainStoryboard.storyboardc/UIViewController-4P2-Z1-my0.nib
copying file ./Payload/Handicap.app/en.lproj/MainStoryboard.storyboardc/UINavigationController-5z1-QC-3Pi.nib ... 
2018-04-20 13:03:48 +0000  2367 bytes for ./Payload/Handicap.app/en.lproj/MainStoryboard.storyboardc/UINavigationController-5z1-QC-3Pi.nib
copying file ./Payload/Handicap.app/en.lproj/MainStoryboard.storyboardc/UITableViewController-lmG-Rm-YF2.nib ... 
1810 bytes for ./Payload/Handicap.app/en.lproj/MainStoryboard.storyboardc/UITableViewController-lmG-Rm-YF2.nib
copying file ./Payload/Handicap.app/en.lproj/MainStoryboard.storyboardc/Info.plist ... 
2018-04-20 13:03:48 +0000  1420 bytes for ./Payload/Handicap.app/en.lproj/MainStoryboard.storyboardc/Info.plist
copying file ./Payload/Handicap.app/en.lproj/MainStoryboard.storyboardc/lmG-Rm-YF2-view-A0B-Fx-epc.nib ... 
2018-04-20 13:03:48 +0000  5866 bytes for ./Payload/Handicap.app/en.lproj/MainStoryboard.storyboardc/lmG-Rm-YF2-view-A0B-Fx-epc.nib
copying file ./Payload/Handicap.app/en.lproj/MainStoryboard.storyboardc/P3A-CA-fb0-view-fB8-fb-egc.nib ... 
3399 bytes for ./Payload/Handicap.app/en.lproj/MainStoryboard.storyboardc/P3A-CA-fb0-view-fB8-fb-egc.nib
copying file ./Payload/Handicap.app/Handicap ... 
2018-04-20 13:03:48 +0000  658512 bytes for ./Payload/Handicap.app/Handicap
copying file ./Payload/Handicap.app/AppIcon57x57.png ... 
8727 bytes for ./Payload/Handicap.app/AppIcon57x57.png
copying file ./Payload/Handicap.app/129-golf@2x.png ... 
1418 bytes for ./Payload/Handicap.app/129-golf@2x.png
copying file ./Payload/Handicap.app/AppIcon29x29.png ... 
4943 bytes for ./Payload/Handicap.app/AppIcon29x29.png
copying file ./Payload/Handicap.app/Default@2x.png ... 
5056 bytes for ./Payload/Handicap.app/Default@2x.png
copying file ./Payload/Handicap.app/AppIcon29x29@2x.png ... 
8853 bytes for ./Payload/Handicap.app/AppIcon29x29@2x.png
copying file ./Payload/Handicap.app/14-gear@2x.png ... 
504 bytes for ./Payload/Handicap.app/14-gear@2x.png
copying file ./Payload/Handicap.app/AppIcon29x29~ipad.png ... 
4943 bytes for ./Payload/Handicap.app/AppIcon29x29~ipad.png
copying file ./Payload/Handicap.app/AppIcon40x40@2x.png ... 
2018-04-20 13:03:48 +0000  13021 bytes for ./Payload/Handicap.app/AppIcon40x40@2x.png
copying file ./Payload/Handicap.app/Default-568h@2x.png ... 
5753 bytes for ./Payload/Handicap.app/Default-568h@2x.png
copying file ./Payload/Handicap.app/Assets.car ... 
2018-04-20 13:03:48 +0000  116440 bytes for ./Payload/Handicap.app/Assets.car
copying file ./Payload/Handicap.app/AppIcon40x40@2x~ipad.png ... 
13021 bytes for ./Payload/Handicap.app/AppIcon40x40@2x~ipad.png
copying file ./Payload/Handicap.app/AppIcon72x72~ipad.png ... 
2018-04-20 13:03:48 +0000  11556 bytes for ./Payload/Handicap.app/AppIcon72x72~ipad.png
2018-04-20 13:03:48 +0000  copying file ./Payload/Handicap.app/HandicapModel.momd/VersionInfo.plist ... 
286 bytes for ./Payload/Handicap.app/HandicapModel.momd/VersionInfo.plist
copying file ./Payload/Handicap.app/HandicapModel.momd/HandicapModel.mom ... 
2018-04-20 13:03:48 +0000  4146 bytes for ./Payload/Handicap.app/HandicapModel.momd/HandicapModel.mom
copying file ./Payload/Handicap.app/LaunchImage-700-568h@2x.png ... 
2018-04-20 13:03:48 +0000  14942 bytes for ./Payload/Handicap.app/LaunchImage-700-568h@2x.png
copying file ./Payload/Handicap.app/AppIcon50x50~ipad.png ... 
7687 bytes for ./Payload/Handicap.app/AppIcon50x50~ipad.png
copying file ./Payload/Handicap.app/AppIcon29x29@2x~ipad.png ... 
8853 bytes for ./Payload/Handicap.app/AppIcon29x29@2x~ipad.png
copying file ./Payload/Handicap.app/AppIcon50x50@2x~ipad.png ... 
2018-04-20 13:03:48 +0000  15643 bytes for ./Payload/Handicap.app/AppIcon50x50@2x~ipad.png
copying file ./Payload/Handicap.app/AppIcon40x40~ipad.png ... 
6506 bytes for ./Payload/Handicap.app/AppIcon40x40~ipad.png
copying file ./Payload/Handicap.app/14-gear.png ... 
282 bytes for ./Payload/Handicap.app/14-gear.png
copying file ./Payload/Handicap.app/embedded.mobileprovision ... 
9264 bytes for ./Payload/Handicap.app/embedded.mobileprovision
copying file ./Payload/Handicap.app/Default.png ... 
2018-04-20 13:03:48 +0000  2428 bytes for ./Payload/Handicap.app/Default.png
copying file ./Payload/Handicap.app/Info.plist ... 
1670 bytes for ./Payload/Handicap.app/Info.plist
copying file ./Payload/Handicap.app/Handicap-Info.plist ... 
2018-04-20 13:03:48 +0000  1016 bytes for ./Payload/Handicap.app/Handicap-Info.plist
copying file ./Payload/Handicap.app/PkgInfo ... 
8 bytes for ./Payload/Handicap.app/PkgInfo
copying file ./Payload/Handicap.app/AppIcon76x76~ipad.png ... 
2018-04-20 13:03:48 +0000  12363 bytes for ./Payload/Handicap.app/AppIcon76x76~ipad.png
2018-04-20 13:03:48 +0000  
2018-04-20 13:03:48 +0000  
2018-04-20 13:03:48 +0000  
2018-04-20 13:03:48 +0000  /usr/bin/ditto exited with 0
2018-04-20 13:03:48 +0000  2018-04-20 13:03:48 +0000  

2018-04-20 13:03:48 +0000  Processing step: IDEDistributionCreateManifestStep
